<?xml version="1.0" encoding="UTF-8"?>
<!-- Generated by org.testng.reporters.JUnitXMLReporter -->
<testsuite ignored="0" hostname="Asra" failures="0" tests="10" name="chromeTest" time="120.702" errors="0" timestamp="2025-02-19T01:23:21 EST">
  <testcase classname="testCases.TC01_LaunchApplication" name="testLaunchApplication" time="0.038"/>
  <testcase classname="testCases.TC06_PurchaseAGiftCertificate" name="testPurchaseAGiftCertificate" time="2.017"/>
  <testcase classname="testCases.TC03_AddToCart" name="testAddToCart" time="2.346"/>
  <testcase classname="testCases.TC02_Login" name="testLogin" time="2.556"/>
  <testcase classname="testCases.TC02_Login" name="testLogin" time="2.868"/>
  <testcase classname="testCases.TC02_Login" name="testLogin" time="2.746"/>
  <testcase classname="testCases.TC02_Login" name="testLogin" time="2.906"/>
  <testcase classname="testCases.TC02_Login" name="testLogin" time="2.723"/>
  <testcase classname="testCases.TC05_AddAnItemToWishList" name="testAddToWishList" time="2.512"/>
  <testcase classname="testCases.TC04_CompletePurchase" name="testCompletePurchase" time="72.2"/>
</testsuite> <!-- chromeTest -->
