<?xml version="1.0" encoding="UTF-8"?>
<!-- Generated by org.testng.reporters.JUnitXMLReporter -->
<testsuite ignored="0" hostname="Asra" failures="0" tests="10" name="firefoxTest" time="136.672" errors="0" timestamp="2025-02-19T01:23:36 EST">
  <testcase classname="testCases.TC01_LaunchApplication" name="testLaunchApplication" time="0.046"/>
  <testcase classname="testCases.TC06_PurchaseAGiftCertificate" name="testPurchaseAGiftCertificate" time="1.82"/>
  <testcase classname="testCases.TC03_AddToCart" name="testAddToCart" time="2.467"/>
  <testcase classname="testCases.TC02_Login" name="testLogin" time="3.045"/>
  <testcase classname="testCases.TC02_Login" name="testLogin" time="3.545"/>
  <testcase classname="testCases.TC02_Login" name="testLogin" time="3.219"/>
  <testcase classname="testCases.TC02_Login" name="testLogin" time="2.668"/>
  <testcase classname="testCases.TC02_Login" name="testLogin" time="2.969"/>
  <testcase classname="testCases.TC05_AddAnItemToWishList" name="testAddToWishList" time="2.237"/>
  <testcase classname="testCases.TC04_CompletePurchase" name="testCompletePurchase" time="70.813"/>
</testsuite> <!-- firefoxTest -->
