<?xml version="1.0" encoding="UTF-8"?>
<!-- Generated by org.testng.reporters.JUnitXMLReporter -->
<testsuite ignored="0" hostname="Asra" failures="0" tests="10" name="chromeTest" time="120.86" errors="0" timestamp="2025-02-19T18:26:38 EST">
  <testcase classname="testCases.TC01_LaunchApplication" name="testLaunchApplication" time="0.15"/>
  <testcase classname="testCases.TC06_PurchaseAGiftCertificate" name="testPurchaseAGiftCertificate" time="1.853"/>
  <testcase classname="testCases.TC03_AddToCart" name="testAddToCart" time="2.193"/>
  <testcase classname="testCases.TC02_Login" name="testLogin" time="2.771"/>
  <testcase classname="testCases.TC02_Login" name="testLogin" time="4.527"/>
  <testcase classname="testCases.TC02_Login" name="testLogin" time="2.744"/>
  <testcase classname="testCases.TC02_Login" name="testLogin" time="2.881"/>
  <testcase classname="testCases.TC02_Login" name="testLogin" time="2.534"/>
  <testcase classname="testCases.TC05_AddAnItemToWishList" name="testAddToWishList" time="2.173"/>
  <testcase classname="testCases.TC04_CompletePurchase" name="testCompletePurchase" time="71.477"/>
</testsuite> <!-- chromeTest -->
