<?xml version="1.0" encoding="UTF-8"?>
<!-- Generated by org.testng.reporters.JUnitXMLReporter -->
<testsuite ignored="0" hostname="Asra" failures="0" tests="10" name="firefoxTest" time="137.0" errors="0" timestamp="2025-02-19T18:26:54 EST">
  <testcase classname="testCases.TC01_LaunchApplication" name="testLaunchApplication" time="0.055"/>
  <testcase classname="testCases.TC06_PurchaseAGiftCertificate" name="testPurchaseAGiftCertificate" time="1.963"/>
  <testcase classname="testCases.TC03_AddToCart" name="testAddToCart" time="3.085"/>
  <testcase classname="testCases.TC02_Login" name="testLogin" time="2.999"/>
  <testcase classname="testCases.TC02_Login" name="testLogin" time="2.83"/>
  <testcase classname="testCases.TC02_Login" name="testLogin" time="2.629"/>
  <testcase classname="testCases.TC02_Login" name="testLogin" time="2.797"/>
  <testcase classname="testCases.TC02_Login" name="testLogin" time="3.059"/>
  <testcase classname="testCases.TC05_AddAnItemToWishList" name="testAddToWishList" time="2.162"/>
  <testcase classname="testCases.TC04_CompletePurchase" name="testCompletePurchase" time="69.757"/>
</testsuite> <!-- firefoxTest -->
